<?xml version="1.0" encoding="UTF-8"?>
<testsuite name="at.fhv.sa.readside.IntegrationTests" tests="4" skipped="0" failures="0" errors="0" timestamp="2022-04-10T15:36:36" hostname="michael-ThinkPad" time="0.717">
  <properties/>
  <testcase name="given_booking_when_cancelBooking_then_bookingIsNotReturned()" classname="at.fhv.sa.readside.IntegrationTests" time="0.366"/>
  <testcase name="given_bookingInformation_when_getFreeRoomsByTimePeriod_then_bookedRooms_notIncluded()" classname="at.fhv.sa.readside.IntegrationTests" time="0.008"/>
  <testcase name="given_booking_when_bookingCanceled_then_roomsAreFree()" classname="at.fhv.sa.readside.IntegrationTests" time="0.007"/>
  <testcase name="given_bookingInformation_when_bookingCreated_and_getBookingsByTimePeriod_then_equalsBookingIsReturned()" classname="at.fhv.sa.readside.IntegrationTests" time="0.01"/>
  <system-out><![CDATA[17:36:35.781 [Test worker] DEBUG org.springframework.test.context.BootstrapUtils - Instantiating CacheAwareContextLoaderDelegate from class [org.springframework.test.context.cache.DefaultCacheAwareContextLoaderDelegate]
17:36:35.792 [Test worker] DEBUG org.springframework.test.context.BootstrapUtils - Instantiating BootstrapContext using constructor [public org.springframework.test.context.support.DefaultBootstrapContext(java.lang.Class,org.springframework.test.context.CacheAwareContextLoaderDelegate)]
17:36:35.834 [Test worker] DEBUG org.springframework.test.context.BootstrapUtils - Instantiating TestContextBootstrapper for test class [at.fhv.sa.readside.IntegrationTests] from class [org.springframework.boot.test.context.SpringBootTestContextBootstrapper]
17:36:35.852 [Test worker] INFO org.springframework.boot.test.context.SpringBootTestContextBootstrapper - Neither @ContextConfiguration nor @ContextHierarchy found for test class [at.fhv.sa.readside.IntegrationTests], using SpringBootContextLoader
17:36:35.857 [Test worker] DEBUG org.springframework.test.context.support.AbstractContextLoader - Did not detect default resource location for test class [at.fhv.sa.readside.IntegrationTests]: class path resource [at/fhv/sa/readside/IntegrationTests-context.xml] does not exist
17:36:35.858 [Test worker] DEBUG org.springframework.test.context.support.AbstractContextLoader - Did not detect default resource location for test class [at.fhv.sa.readside.IntegrationTests]: class path resource [at/fhv/sa/readside/IntegrationTestsContext.groovy] does not exist
17:36:35.859 [Test worker] INFO org.springframework.test.context.support.AbstractContextLoader - Could not detect default resource locations for test class [at.fhv.sa.readside.IntegrationTests]: no resource found for suffixes {-context.xml, Context.groovy}.
17:36:35.934 [Test worker] DEBUG org.springframework.test.context.support.ActiveProfilesUtils - Could not find an 'annotation declaring class' for annotation type [org.springframework.test.context.ActiveProfiles] and class [at.fhv.sa.readside.IntegrationTests]
17:36:36.032 [Test worker] DEBUG org.springframework.boot.test.context.SpringBootTestContextBootstrapper - @TestExecutionListeners is not present for class [at.fhv.sa.readside.IntegrationTests]: using defaults.
17:36:36.033 [Test worker] INFO org.springframework.boot.test.context.SpringBootTestContextBootstrapper - Loaded default TestExecutionListener class names from location [META-INF/spring.factories]: [org.springframework.boot.test.autoconfigure.restdocs.RestDocsTestExecutionListener, org.springframework.boot.test.autoconfigure.web.client.MockRestServiceServerResetTestExecutionListener, org.springframework.boot.test.autoconfigure.web.servlet.MockMvcPrintOnlyOnFailureTestExecutionListener, org.springframework.boot.test.autoconfigure.web.servlet.WebDriverTestExecutionListener, org.springframework.boot.test.autoconfigure.webservices.client.MockWebServiceServerTestExecutionListener, org.springframework.boot.test.mock.mockito.MockitoTestExecutionListener, org.springframework.boot.test.mock.mockito.ResetMocksTestExecutionListener, org.springframework.test.context.web.ServletTestExecutionListener, org.springframework.test.context.support.DirtiesContextBeforeModesTestExecutionListener, org.springframework.test.context.event.ApplicationEventsTestExecutionListener, org.springframework.test.context.support.DependencyInjectionTestExecutionListener, org.springframework.test.context.support.DirtiesContextTestExecutionListener, org.springframework.test.context.transaction.TransactionalTestExecutionListener, org.springframework.test.context.jdbc.SqlScriptsTestExecutionListener, org.springframework.test.context.event.EventPublishingTestExecutionListener]
17:36:36.043 [Test worker] DEBUG org.springframework.boot.test.context.SpringBootTestContextBootstrapper - Skipping candidate TestExecutionListener [org.springframework.test.context.transaction.TransactionalTestExecutionListener] due to a missing dependency. Specify custom listener classes or make the default listener classes and their required dependencies available. Offending class: [org/springframework/transaction/interceptor/TransactionAttributeSource]
17:36:36.044 [Test worker] DEBUG org.springframework.boot.test.context.SpringBootTestContextBootstrapper - Skipping candidate TestExecutionListener [org.springframework.test.context.jdbc.SqlScriptsTestExecutionListener] due to a missing dependency. Specify custom listener classes or make the default listener classes and their required dependencies available. Offending class: [org/springframework/transaction/interceptor/TransactionAttribute]
17:36:36.044 [Test worker] INFO org.springframework.boot.test.context.SpringBootTestContextBootstrapper - Using TestExecutionListeners: [org.springframework.test.context.web.ServletTestExecutionListener@41318bb5, org.springframework.test.context.support.DirtiesContextBeforeModesTestExecutionListener@55f36a1a, org.springframework.test.context.event.ApplicationEventsTestExecutionListener@5478ad1c, org.springframework.boot.test.mock.mockito.MockitoTestExecutionListener@5a212b9a, org.springframework.boot.test.autoconfigure.SpringBootDependencyInjectionTestExecutionListener@17807f48, org.springframework.test.context.support.DirtiesContextTestExecutionListener@596d6418, org.springframework.test.context.event.EventPublishingTestExecutionListener@486c3264, org.springframework.boot.test.autoconfigure.restdocs.RestDocsTestExecutionListener@1bc2bd08, org.springframework.boot.test.autoconfigure.web.client.MockRestServiceServerResetTestExecutionListener@faceb07, org.springframework.boot.test.autoconfigure.web.servlet.MockMvcPrintOnlyOnFailureTestExecutionListener@3dd3134e, org.springframework.boot.test.autoconfigure.web.servlet.WebDriverTestExecutionListener@1405e982, org.springframework.boot.test.autoconfigure.webservices.client.MockWebServiceServerTestExecutionListener@1aa12cf7, org.springframework.boot.test.mock.mockito.ResetMocksTestExecutionListener@72bd0877]
17:36:36.047 [Test worker] DEBUG org.springframework.test.context.support.AbstractDirtiesContextTestExecutionListener - Before test class: context [DefaultTestContext@508657fb testClass = IntegrationTests, testInstance = [null], testMethod = [null], testException = [null], mergedContextConfiguration = [WebMergedContextConfiguration@522c37c2 testClass = IntegrationTests, locations = '{}', classes = '{class at.fhv.sa.readside.projection.ProjectorImpl, class at.fhv.sa.readside.infrastructure.impl.BookingDTORepositoryImpl, class at.fhv.sa.readside.infrastructure.impl.FreeRoomDTORepositoryImpl}', contextInitializerClasses = '[]', activeProfiles = '{}', propertySourceLocations = '{}', propertySourceProperties = '{org.springframework.boot.test.context.SpringBootTestContextBootstrapper=true}', contextCustomizers = set[org.springframework.boot.test.autoconfigure.actuate.metrics.MetricsExportContextCustomizerFactory$DisableMetricExportContextCustomizer@497ff892, org.springframework.boot.test.autoconfigure.properties.PropertyMappingContextCustomizer@0, org.springframework.boot.test.autoconfigure.web.servlet.WebDriverContextCustomizerFactory$Customizer@32d80e69, org.springframework.boot.test.context.filter.ExcludeFilterContextCustomizer@52fbc470, org.springframework.boot.test.json.DuplicateJsonObjectContextCustomizerFactory$DuplicateJsonObjectContextCustomizer@1660593a, org.springframework.boot.test.mock.mockito.MockitoContextCustomizer@0, org.springframework.boot.test.web.client.TestRestTemplateContextCustomizer@1126ce1, org.springframework.boot.test.web.reactive.server.WebTestClientContextCustomizer@782f1a8a, org.springframework.boot.test.context.SpringBootTestArgs@1, org.springframework.boot.test.context.SpringBootTestWebEnvironment@5672a7ed], resourceBasePath = 'src/main/webapp', contextLoader = 'org.springframework.boot.test.context.SpringBootContextLoader', parent = [null]], attributes = map['org.springframework.test.context.web.ServletTestExecutionListener.activateListener' -> true]], class annotated with @DirtiesContext [true] with mode [AFTER_EACH_TEST_METHOD].
17:36:36.085 [Test worker] DEBUG org.springframework.test.context.support.TestPropertySourceUtils - Adding inlined properties to environment: {spring.jmx.enabled=false, org.springframework.boot.test.context.SpringBootTestContextBootstrapper=true}

  .   ____          _            __ _ _
 /\\ / ___'_ __ _ _(_)_ __  __ _ \ \ \ \
( ( )\___ | '_ | '_| | '_ \/ _` | \ \ \ \
 \\/  ___)| |_)| | | | | || (_| |  ) ) ) )
  '  |____| .__|_| |_|_| |_\__, | / / / /
 =========|_|==============|___/=/_/_/_/
 :: Spring Boot ::                (v2.5.6)

2022-04-10 17:36:36.417  INFO 22982 --- [    Test worker] at.fhv.sa.readside.IntegrationTests      : Starting IntegrationTests using Java 11.0.14.1 on michael-ThinkPad with PID 22982 (started by michael in /home/michael/Development/SystemArchitectures/Assignment_01_CQRS-EventSourcing)
2022-04-10 17:36:36.421  INFO 22982 --- [    Test worker] at.fhv.sa.readside.IntegrationTests      : No active profile set, falling back to default profiles: default
2022-04-10 17:36:36.638  INFO 22982 --- [    Test worker] at.fhv.sa.readside.IntegrationTests      : Started IntegrationTests in 0.543 seconds (JVM running for 1.802)

  .   ____          _            __ _ _
 /\\ / ___'_ __ _ _(_)_ __  __ _ \ \ \ \
( ( )\___ | '_ | '_| | '_ \/ _` | \ \ \ \
 \\/  ___)| |_)| | | | | || (_| |  ) ) ) )
  '  |____| .__|_| |_|_| |_\__, | / / / /
 =========|_|==============|___/=/_/_/_/
 :: Spring Boot ::                (v2.5.6)

2022-04-10 17:36:37.123  INFO 22982 --- [    Test worker] at.fhv.sa.readside.IntegrationTests      : Starting IntegrationTests using Java 11.0.14.1 on michael-ThinkPad with PID 22982 (started by michael in /home/michael/Development/SystemArchitectures/Assignment_01_CQRS-EventSourcing)
2022-04-10 17:36:37.127  INFO 22982 --- [    Test worker] at.fhv.sa.readside.IntegrationTests      : No active profile set, falling back to default profiles: default
2022-04-10 17:36:37.168  INFO 22982 --- [    Test worker] at.fhv.sa.readside.IntegrationTests      : Started IntegrationTests in 0.121 seconds (JVM running for 2.331)

  .   ____          _            __ _ _
 /\\ / ___'_ __ _ _(_)_ __  __ _ \ \ \ \
( ( )\___ | '_ | '_| | '_ \/ _` | \ \ \ \
 \\/  ___)| |_)| | | | | || (_| |  ) ) ) )
  '  |____| .__|_| |_|_| |_\__, | / / / /
 =========|_|==============|___/=/_/_/_/
 :: Spring Boot ::                (v2.5.6)

2022-04-10 17:36:37.239  INFO 22982 --- [    Test worker] at.fhv.sa.readside.IntegrationTests      : Starting IntegrationTests using Java 11.0.14.1 on michael-ThinkPad with PID 22982 (started by michael in /home/michael/Development/SystemArchitectures/Assignment_01_CQRS-EventSourcing)
2022-04-10 17:36:37.242  INFO 22982 --- [    Test worker] at.fhv.sa.readside.IntegrationTests      : No active profile set, falling back to default profiles: default
2022-04-10 17:36:37.276  INFO 22982 --- [    Test worker] at.fhv.sa.readside.IntegrationTests      : Started IntegrationTests in 0.091 seconds (JVM running for 2.44)

  .   ____          _            __ _ _
 /\\ / ___'_ __ _ _(_)_ __  __ _ \ \ \ \
( ( )\___ | '_ | '_| | '_ \/ _` | \ \ \ \
 \\/  ___)| |_)| | | | | || (_| |  ) ) ) )
  '  |____| .__|_| |_|_| |_\__, | / / / /
 =========|_|==============|___/=/_/_/_/
 :: Spring Boot ::                (v2.5.6)

2022-04-10 17:36:37.340  INFO 22982 --- [    Test worker] at.fhv.sa.readside.IntegrationTests      : Starting IntegrationTests using Java 11.0.14.1 on michael-ThinkPad with PID 22982 (started by michael in /home/michael/Development/SystemArchitectures/Assignment_01_CQRS-EventSourcing)
2022-04-10 17:36:37.343  INFO 22982 --- [    Test worker] at.fhv.sa.readside.IntegrationTests      : No active profile set, falling back to default profiles: default
2022-04-10 17:36:37.378  INFO 22982 --- [    Test worker] at.fhv.sa.readside.IntegrationTests      : Started IntegrationTests in 0.086 seconds (JVM running for 2.542)
]]></system-out>
  <system-err><![CDATA[]]></system-err>
</testsuite>
