<?xml version="1.0" encoding="UTF-8"?>
<testsuite name="at.fhv.sa.readside.IntegrationTests" tests="4" skipped="0" failures="0" errors="0" timestamp="2022-04-10T14:48:09" hostname="michael-ThinkPad" time="0.625">
  <properties/>
  <testcase name="given_booking_when_cancelBooking_then_bookingIsNotReturned()" classname="at.fhv.sa.readside.IntegrationTests" time="0.325"/>
  <testcase name="given_bookingInformation_when_getFreeRoomsByTimePeriod_then_bookedRooms_notIncluded()" classname="at.fhv.sa.readside.IntegrationTests" time="0.008"/>
  <testcase name="given_booking_when_bookingCanceled_then_roomsAreFree()" classname="at.fhv.sa.readside.IntegrationTests" time="0.005"/>
  <testcase name="given_bookingInformation_when_bookingCreated_and_getBookingsByTimePeriod_then_equalsBookingIsReturned()" classname="at.fhv.sa.readside.IntegrationTests" time="0.009"/>
  <system-out><![CDATA[16:48:08.670 [Test worker] DEBUG org.springframework.test.context.BootstrapUtils - Instantiating CacheAwareContextLoaderDelegate from class [org.springframework.test.context.cache.DefaultCacheAwareContextLoaderDelegate]
16:48:08.680 [Test worker] DEBUG org.springframework.test.context.BootstrapUtils - Instantiating BootstrapContext using constructor [public org.springframework.test.context.support.DefaultBootstrapContext(java.lang.Class,org.springframework.test.context.CacheAwareContextLoaderDelegate)]
16:48:08.717 [Test worker] DEBUG org.springframework.test.context.BootstrapUtils - Instantiating TestContextBootstrapper for test class [at.fhv.sa.readside.IntegrationTests] from class [org.springframework.boot.test.context.SpringBootTestContextBootstrapper]
16:48:08.729 [Test worker] INFO org.springframework.boot.test.context.SpringBootTestContextBootstrapper - Neither @ContextConfiguration nor @ContextHierarchy found for test class [at.fhv.sa.readside.IntegrationTests], using SpringBootContextLoader
16:48:08.733 [Test worker] DEBUG org.springframework.test.context.support.AbstractContextLoader - Did not detect default resource location for test class [at.fhv.sa.readside.IntegrationTests]: class path resource [at/fhv/sa/readside/IntegrationTests-context.xml] does not exist
16:48:08.734 [Test worker] DEBUG org.springframework.test.context.support.AbstractContextLoader - Did not detect default resource location for test class [at.fhv.sa.readside.IntegrationTests]: class path resource [at/fhv/sa/readside/IntegrationTestsContext.groovy] does not exist
16:48:08.735 [Test worker] INFO org.springframework.test.context.support.AbstractContextLoader - Could not detect default resource locations for test class [at.fhv.sa.readside.IntegrationTests]: no resource found for suffixes {-context.xml, Context.groovy}.
16:48:08.816 [Test worker] DEBUG org.springframework.test.context.support.ActiveProfilesUtils - Could not find an 'annotation declaring class' for annotation type [org.springframework.test.context.ActiveProfiles] and class [at.fhv.sa.readside.IntegrationTests]
16:48:08.909 [Test worker] DEBUG org.springframework.boot.test.context.SpringBootTestContextBootstrapper - @TestExecutionListeners is not present for class [at.fhv.sa.readside.IntegrationTests]: using defaults.
16:48:08.909 [Test worker] INFO org.springframework.boot.test.context.SpringBootTestContextBootstrapper - Loaded default TestExecutionListener class names from location [META-INF/spring.factories]: [org.springframework.boot.test.autoconfigure.restdocs.RestDocsTestExecutionListener, org.springframework.boot.test.autoconfigure.web.client.MockRestServiceServerResetTestExecutionListener, org.springframework.boot.test.autoconfigure.web.servlet.MockMvcPrintOnlyOnFailureTestExecutionListener, org.springframework.boot.test.autoconfigure.web.servlet.WebDriverTestExecutionListener, org.springframework.boot.test.autoconfigure.webservices.client.MockWebServiceServerTestExecutionListener, org.springframework.boot.test.mock.mockito.MockitoTestExecutionListener, org.springframework.boot.test.mock.mockito.ResetMocksTestExecutionListener, org.springframework.test.context.web.ServletTestExecutionListener, org.springframework.test.context.support.DirtiesContextBeforeModesTestExecutionListener, org.springframework.test.context.event.ApplicationEventsTestExecutionListener, org.springframework.test.context.support.DependencyInjectionTestExecutionListener, org.springframework.test.context.support.DirtiesContextTestExecutionListener, org.springframework.test.context.transaction.TransactionalTestExecutionListener, org.springframework.test.context.jdbc.SqlScriptsTestExecutionListener, org.springframework.test.context.event.EventPublishingTestExecutionListener]
16:48:08.920 [Test worker] DEBUG org.springframework.boot.test.context.SpringBootTestContextBootstrapper - Skipping candidate TestExecutionListener [org.springframework.test.context.transaction.TransactionalTestExecutionListener] due to a missing dependency. Specify custom listener classes or make the default listener classes and their required dependencies available. Offending class: [org/springframework/transaction/interceptor/TransactionAttributeSource]
16:48:08.921 [Test worker] DEBUG org.springframework.boot.test.context.SpringBootTestContextBootstrapper - Skipping candidate TestExecutionListener [org.springframework.test.context.jdbc.SqlScriptsTestExecutionListener] due to a missing dependency. Specify custom listener classes or make the default listener classes and their required dependencies available. Offending class: [org/springframework/transaction/interceptor/TransactionAttribute]
16:48:08.921 [Test worker] INFO org.springframework.boot.test.context.SpringBootTestContextBootstrapper - Using TestExecutionListeners: [org.springframework.test.context.web.ServletTestExecutionListener@64d4256b, org.springframework.test.context.support.DirtiesContextBeforeModesTestExecutionListener@4209719a, org.springframework.test.context.event.ApplicationEventsTestExecutionListener@35c9c82, org.springframework.boot.test.mock.mockito.MockitoTestExecutionListener@684116d9, org.springframework.boot.test.autoconfigure.SpringBootDependencyInjectionTestExecutionListener@2dfb99c7, org.springframework.test.context.support.DirtiesContextTestExecutionListener@24f7b843, org.springframework.test.context.event.EventPublishingTestExecutionListener@43a898d3, org.springframework.boot.test.autoconfigure.restdocs.RestDocsTestExecutionListener@233fb9a1, org.springframework.boot.test.autoconfigure.web.client.MockRestServiceServerResetTestExecutionListener@52fb29a0, org.springframework.boot.test.autoconfigure.web.servlet.MockMvcPrintOnlyOnFailureTestExecutionListener@4bd7a61c, org.springframework.boot.test.autoconfigure.web.servlet.WebDriverTestExecutionListener@4cbed1b5, org.springframework.boot.test.autoconfigure.webservices.client.MockWebServiceServerTestExecutionListener@12928b32, org.springframework.boot.test.mock.mockito.ResetMocksTestExecutionListener@192f16e9]
16:48:08.925 [Test worker] DEBUG org.springframework.test.context.support.AbstractDirtiesContextTestExecutionListener - Before test class: context [DefaultTestContext@4e83b775 testClass = IntegrationTests, testInstance = [null], testMethod = [null], testException = [null], mergedContextConfiguration = [WebMergedContextConfiguration@1f05302d testClass = IntegrationTests, locations = '{}', classes = '{class at.fhv.sa.readside.projection.ProjectorImpl, class at.fhv.sa.readside.infrastructure.impl.BookingDTORepositoryImpl, class at.fhv.sa.readside.infrastructure.impl.FreeRoomDTORepositoryImpl}', contextInitializerClasses = '[]', activeProfiles = '{}', propertySourceLocations = '{}', propertySourceProperties = '{org.springframework.boot.test.context.SpringBootTestContextBootstrapper=true}', contextCustomizers = set[org.springframework.boot.test.autoconfigure.actuate.metrics.MetricsExportContextCustomizerFactory$DisableMetricExportContextCustomizer@111b7e1d, org.springframework.boot.test.autoconfigure.properties.PropertyMappingContextCustomizer@0, org.springframework.boot.test.autoconfigure.web.servlet.WebDriverContextCustomizerFactory$Customizer@50fd4b35, org.springframework.boot.test.context.filter.ExcludeFilterContextCustomizer@752dda8b, org.springframework.boot.test.json.DuplicateJsonObjectContextCustomizerFactory$DuplicateJsonObjectContextCustomizer@49911384, org.springframework.boot.test.mock.mockito.MockitoContextCustomizer@0, org.springframework.boot.test.web.client.TestRestTemplateContextCustomizer@11bae462, org.springframework.boot.test.web.reactive.server.WebTestClientContextCustomizer@777b1cb3, org.springframework.boot.test.context.SpringBootTestArgs@1, org.springframework.boot.test.context.SpringBootTestWebEnvironment@1e387d87], resourceBasePath = 'src/main/webapp', contextLoader = 'org.springframework.boot.test.context.SpringBootContextLoader', parent = [null]], attributes = map['org.springframework.test.context.web.ServletTestExecutionListener.activateListener' -> true]], class annotated with @DirtiesContext [true] with mode [AFTER_EACH_TEST_METHOD].
16:48:08.962 [Test worker] DEBUG org.springframework.test.context.support.TestPropertySourceUtils - Adding inlined properties to environment: {spring.jmx.enabled=false, org.springframework.boot.test.context.SpringBootTestContextBootstrapper=true}

  .   ____          _            __ _ _
 /\\ / ___'_ __ _ _(_)_ __  __ _ \ \ \ \
( ( )\___ | '_ | '_| | '_ \/ _` | \ \ \ \
 \\/  ___)| |_)| | | | | || (_| |  ) ) ) )
  '  |____| .__|_| |_|_| |_\__, | / / / /
 =========|_|==============|___/=/_/_/_/
 :: Spring Boot ::                (v2.5.6)

2022-04-10 16:48:09.251  INFO 14198 --- [    Test worker] at.fhv.sa.readside.IntegrationTests      : Starting IntegrationTests using Java 11.0.14.1 on michael-ThinkPad with PID 14198 (started by michael in /home/michael/Development/SystemArchitectures/Assignment_01_CQRS-EventSourcing)
2022-04-10 16:48:09.257  INFO 14198 --- [    Test worker] at.fhv.sa.readside.IntegrationTests      : No active profile set, falling back to default profiles: default
2022-04-10 16:48:09.515  INFO 14198 --- [    Test worker] at.fhv.sa.readside.IntegrationTests      : Started IntegrationTests in 0.545 seconds (JVM running for 1.715)

  .   ____          _            __ _ _
 /\\ / ___'_ __ _ _(_)_ __  __ _ \ \ \ \
( ( )\___ | '_ | '_| | '_ \/ _` | \ \ \ \
 \\/  ___)| |_)| | | | | || (_| |  ) ) ) )
  '  |____| .__|_| |_|_| |_\__, | / / / /
 =========|_|==============|___/=/_/_/_/
 :: Spring Boot ::                (v2.5.6)

2022-04-10 16:48:09.942  INFO 14198 --- [    Test worker] at.fhv.sa.readside.IntegrationTests      : Starting IntegrationTests using Java 11.0.14.1 on michael-ThinkPad with PID 14198 (started by michael in /home/michael/Development/SystemArchitectures/Assignment_01_CQRS-EventSourcing)
2022-04-10 16:48:09.946  INFO 14198 --- [    Test worker] at.fhv.sa.readside.IntegrationTests      : No active profile set, falling back to default profiles: default
2022-04-10 16:48:09.984  INFO 14198 --- [    Test worker] at.fhv.sa.readside.IntegrationTests      : Started IntegrationTests in 0.091 seconds (JVM running for 2.184)

  .   ____          _            __ _ _
 /\\ / ___'_ __ _ _(_)_ __  __ _ \ \ \ \
( ( )\___ | '_ | '_| | '_ \/ _` | \ \ \ \
 \\/  ___)| |_)| | | | | || (_| |  ) ) ) )
  '  |____| .__|_| |_|_| |_\__, | / / / /
 =========|_|==============|___/=/_/_/_/
 :: Spring Boot ::                (v2.5.6)

2022-04-10 16:48:10.055  INFO 14198 --- [    Test worker] at.fhv.sa.readside.IntegrationTests      : Starting IntegrationTests using Java 11.0.14.1 on michael-ThinkPad with PID 14198 (started by michael in /home/michael/Development/SystemArchitectures/Assignment_01_CQRS-EventSourcing)
2022-04-10 16:48:10.058  INFO 14198 --- [    Test worker] at.fhv.sa.readside.IntegrationTests      : No active profile set, falling back to default profiles: default
2022-04-10 16:48:10.089  INFO 14198 --- [    Test worker] at.fhv.sa.readside.IntegrationTests      : Started IntegrationTests in 0.088 seconds (JVM running for 2.289)

  .   ____          _            __ _ _
 /\\ / ___'_ __ _ _(_)_ __  __ _ \ \ \ \
( ( )\___ | '_ | '_| | '_ \/ _` | \ \ \ \
 \\/  ___)| |_)| | | | | || (_| |  ) ) ) )
  '  |____| .__|_| |_|_| |_\__, | / / / /
 =========|_|==============|___/=/_/_/_/
 :: Spring Boot ::                (v2.5.6)

2022-04-10 16:48:10.142  INFO 14198 --- [    Test worker] at.fhv.sa.readside.IntegrationTests      : Starting IntegrationTests using Java 11.0.14.1 on michael-ThinkPad with PID 14198 (started by michael in /home/michael/Development/SystemArchitectures/Assignment_01_CQRS-EventSourcing)
2022-04-10 16:48:10.144  INFO 14198 --- [    Test worker] at.fhv.sa.readside.IntegrationTests      : No active profile set, falling back to default profiles: default
2022-04-10 16:48:10.175  INFO 14198 --- [    Test worker] at.fhv.sa.readside.IntegrationTests      : Started IntegrationTests in 0.075 seconds (JVM running for 2.375)
]]></system-out>
  <system-err><![CDATA[]]></system-err>
</testsuite>
